[2022-01-19 06:23:33,920] multiqc                                            [DEBUG  ]  This is MultiQC v1.11
[2022-01-19 06:23:33,921] multiqc                                            [DEBUG  ]  No MultiQC config found: /home/mhussien/miniconda3/envs/astrangia/lib/python3.10/site-packages/multiqc_config.yaml
[2022-01-19 06:23:33,922] multiqc                                            [DEBUG  ]  No MultiQC config found: /home/mhussien/.multiqc_config.yaml
[2022-01-19 06:23:33,922] multiqc                                            [DEBUG  ]  No MultiQC config found: multiqc_config.yaml
[2022-01-19 06:23:33,922] multiqc                                            [DEBUG  ]  Command used: /home/mhussien/miniconda3/envs/astrangia/bin/multiqc --interactive .
[2022-01-19 06:23:43,937] multiqc                                            [DEBUG  ]  Could not connect to multiqc.info for version check: <urlopen error [Errno -5] No address associated with hostname>
[2022-01-19 06:23:43,938] multiqc                                            [DEBUG  ]  Command     : /home/mhussien/miniconda3/envs/astrangia/bin/multiqc --interactive .
[2022-01-19 06:23:43,938] multiqc                                            [DEBUG  ]  Working dir : /home/mhussien/astrangia/astrangia_paper/runs/fastp_new
[2022-01-19 06:23:43,938] multiqc                                            [DEBUG  ]  Template    : default
[2022-01-19 06:23:43,938] multiqc                                            [DEBUG  ]  Running Python 3.10.2 | packaged by conda-forge | (main, Jan 14 2022, 08:02:19) [GCC 9.4.0]
[2022-01-19 06:23:43,939] multiqc                                            [DEBUG  ]  Analysing modules: custom_content, ccs, ngsderive, purple, conpair, lima, peddy, somalier, methylQA, mosdepth, phantompeakqualtools, qualimap, preseq, quast, qorts, rna_seqc, rockhopper, rsem, rseqc, busco, bustools, goleft_indexcov, gffcompare, disambiguate, supernova, deeptools, sargasso, verifybamid, mirtrace, happy, mirtop, sambamba, homer, hops, macs2, theta2, snpeff, gatk, htseq, bcftools, featureCounts, fgbio, dragen, dedup, damageprofiler, biobambam2, jcvi, mtnucratio, picard, vep, sentieon, prokka, qc3C, nanostat, samblaster, samtools, sexdeterrmine, eigenstratdatabasetools, bamtools, jellyfish, vcftools, longranger, stacks, varscan2, snippy, bbmap, bismark, biscuit, hicexplorer, hicup, hicpro, salmon, kallisto, slamdunk, star, hisat2, tophat, bowtie2, bowtie1, snpsplit, odgi, pangolin, kat, leehom, adapterRemoval, clipandmerge, cutadapt, flexbar, kaiju, kraken, malt, trimmomatic, sickle, skewer, sortmerna, biobloomtools, fastq_screen, afterqc, fastp, fastqc, pychopper, pycoqc, minionqc, multivcfanalyzer, clusterflow, bcl2fastq, bclconvert, interop, ivar, flash, seqyclean, optitype
[2022-01-19 06:23:43,939] multiqc                                            [DEBUG  ]  Using temporary directory for creating report: /tmp/tmpdqd2lt69
[2022-01-19 06:23:44,546] multiqc                                            [INFO   ]  Search path : /home/mhussien/astrangia/astrangia_paper/runs/fastp_new
[2022-01-19 06:23:44,619] multiqc                                            [DEBUG  ]  File ignored by ccs/v4 because it exceeded search pattern filesize limit: trimmomatic_Ast28B_R2_PE_fastqc.html
[2022-01-19 06:23:44,625] multiqc                                            [DEBUG  ]  File ignored by hicexplorer because it exceeded search pattern filesize limit: trimmomatic_Ast28B_R2_PE_fastqc.html
[2022-01-19 06:23:44,626] multiqc                                            [DEBUG  ]  File ignored by nanostat because it exceeded search pattern filesize limit: trimmomatic_Ast28B_R2_PE_fastqc.html
[2022-01-19 06:23:44,626] multiqc                                            [DEBUG  ]  File ignored by lima/summary because it exceeded search pattern filesize limit: trimmomatic_Ast28B_R2_PE_fastqc.html
[2022-01-19 06:23:44,638] multiqc                                            [DEBUG  ]  File ignored by vep/vep_txt because it exceeded search pattern filesize limit: trimmomatic_Ast28B_R2_PE_fastqc.html
[2022-01-19 06:23:44,639] multiqc                                            [DEBUG  ]  File ignored by longranger/invocation because it exceeded search pattern filesize limit: trimmomatic_Ast28B_R2_PE_fastqc.html
[2022-01-19 06:23:44,639] multiqc                                            [DEBUG  ]  File ignored by rockhopper because it exceeded search pattern filesize limit: trimmomatic_Ast28B_R2_PE_fastqc.html
[2022-01-19 06:23:44,639] multiqc                                            [DEBUG  ]  File ignored by rseqc/bam_stat because it exceeded search pattern filesize limit: trimmomatic_Ast28B_R2_PE_fastqc.html
[2022-01-19 06:23:44,639] multiqc                                            [DEBUG  ]  File ignored by rseqc/junction_annotation because it exceeded search pattern filesize limit: trimmomatic_Ast28B_R2_PE_fastqc.html
[2022-01-19 06:23:44,639] multiqc                                            [DEBUG  ]  File ignored by rseqc/read_distribution because it exceeded search pattern filesize limit: trimmomatic_Ast28B_R2_PE_fastqc.html
[2022-01-19 06:23:44,639] multiqc                                            [DEBUG  ]  File ignored by rseqc/infer_experiment because it exceeded search pattern filesize limit: trimmomatic_Ast28B_R2_PE_fastqc.html
[2022-01-19 06:23:44,840] multiqc                                            [DEBUG  ]  File ignored by ccs/v4 because it exceeded search pattern filesize limit: Ast28B.R2.se_fastqc.html
[2022-01-19 06:23:44,845] multiqc                                            [DEBUG  ]  File ignored by hicexplorer because it exceeded search pattern filesize limit: Ast28B.R2.se_fastqc.html
[2022-01-19 06:23:44,846] multiqc                                            [DEBUG  ]  File ignored by nanostat because it exceeded search pattern filesize limit: Ast28B.R2.se_fastqc.html
[2022-01-19 06:23:44,846] multiqc                                            [DEBUG  ]  File ignored by lima/summary because it exceeded search pattern filesize limit: Ast28B.R2.se_fastqc.html
[2022-01-19 06:23:44,856] multiqc                                            [DEBUG  ]  File ignored by vep/vep_txt because it exceeded search pattern filesize limit: Ast28B.R2.se_fastqc.html
[2022-01-19 06:23:44,856] multiqc                                            [DEBUG  ]  File ignored by longranger/invocation because it exceeded search pattern filesize limit: Ast28B.R2.se_fastqc.html
[2022-01-19 06:23:44,856] multiqc                                            [DEBUG  ]  File ignored by rockhopper because it exceeded search pattern filesize limit: Ast28B.R2.se_fastqc.html
[2022-01-19 06:23:44,856] multiqc                                            [DEBUG  ]  File ignored by rseqc/bam_stat because it exceeded search pattern filesize limit: Ast28B.R2.se_fastqc.html
[2022-01-19 06:23:44,856] multiqc                                            [DEBUG  ]  File ignored by rseqc/junction_annotation because it exceeded search pattern filesize limit: Ast28B.R2.se_fastqc.html
[2022-01-19 06:23:44,856] multiqc                                            [DEBUG  ]  File ignored by rseqc/read_distribution because it exceeded search pattern filesize limit: Ast28B.R2.se_fastqc.html
[2022-01-19 06:23:44,857] multiqc                                            [DEBUG  ]  File ignored by rseqc/infer_experiment because it exceeded search pattern filesize limit: Ast28B.R2.se_fastqc.html
[2022-01-19 06:23:45,053] multiqc                                            [DEBUG  ]  File ignored by ccs/v4 because it exceeded search pattern filesize limit: Ast28B.R2.pe_fastqc.html
[2022-01-19 06:23:45,059] multiqc                                            [DEBUG  ]  File ignored by hicexplorer because it exceeded search pattern filesize limit: Ast28B.R2.pe_fastqc.html
[2022-01-19 06:23:45,059] multiqc                                            [DEBUG  ]  File ignored by nanostat because it exceeded search pattern filesize limit: Ast28B.R2.pe_fastqc.html
[2022-01-19 06:23:45,060] multiqc                                            [DEBUG  ]  File ignored by lima/summary because it exceeded search pattern filesize limit: Ast28B.R2.pe_fastqc.html
[2022-01-19 06:23:45,070] multiqc                                            [DEBUG  ]  File ignored by vep/vep_txt because it exceeded search pattern filesize limit: Ast28B.R2.pe_fastqc.html
[2022-01-19 06:23:45,070] multiqc                                            [DEBUG  ]  File ignored by longranger/invocation because it exceeded search pattern filesize limit: Ast28B.R2.pe_fastqc.html
[2022-01-19 06:23:45,070] multiqc                                            [DEBUG  ]  File ignored by rockhopper because it exceeded search pattern filesize limit: Ast28B.R2.pe_fastqc.html
[2022-01-19 06:23:45,070] multiqc                                            [DEBUG  ]  File ignored by rseqc/bam_stat because it exceeded search pattern filesize limit: Ast28B.R2.pe_fastqc.html
[2022-01-19 06:23:45,070] multiqc                                            [DEBUG  ]  File ignored by rseqc/junction_annotation because it exceeded search pattern filesize limit: Ast28B.R2.pe_fastqc.html
[2022-01-19 06:23:45,070] multiqc                                            [DEBUG  ]  File ignored by rseqc/read_distribution because it exceeded search pattern filesize limit: Ast28B.R2.pe_fastqc.html
[2022-01-19 06:23:45,070] multiqc                                            [DEBUG  ]  File ignored by rseqc/infer_experiment because it exceeded search pattern filesize limit: Ast28B.R2.pe_fastqc.html
[2022-01-19 06:23:45,300] multiqc                                            [DEBUG  ]  File ignored by ccs/v4 because it exceeded search pattern filesize limit: trimmomatic_Ast28B_R2_SE_fastqc.html
[2022-01-19 06:23:45,305] multiqc                                            [DEBUG  ]  File ignored by hicexplorer because it exceeded search pattern filesize limit: trimmomatic_Ast28B_R2_SE_fastqc.html
[2022-01-19 06:23:45,306] multiqc                                            [DEBUG  ]  File ignored by nanostat because it exceeded search pattern filesize limit: trimmomatic_Ast28B_R2_SE_fastqc.html
[2022-01-19 06:23:45,306] multiqc                                            [DEBUG  ]  File ignored by lima/summary because it exceeded search pattern filesize limit: trimmomatic_Ast28B_R2_SE_fastqc.html
[2022-01-19 06:23:45,315] multiqc                                            [DEBUG  ]  File ignored by vep/vep_txt because it exceeded search pattern filesize limit: trimmomatic_Ast28B_R2_SE_fastqc.html
[2022-01-19 06:23:45,316] multiqc                                            [DEBUG  ]  File ignored by longranger/invocation because it exceeded search pattern filesize limit: trimmomatic_Ast28B_R2_SE_fastqc.html
[2022-01-19 06:23:45,316] multiqc                                            [DEBUG  ]  File ignored by rockhopper because it exceeded search pattern filesize limit: trimmomatic_Ast28B_R2_SE_fastqc.html
[2022-01-19 06:23:45,316] multiqc                                            [DEBUG  ]  File ignored by rseqc/bam_stat because it exceeded search pattern filesize limit: trimmomatic_Ast28B_R2_SE_fastqc.html
[2022-01-19 06:23:45,316] multiqc                                            [DEBUG  ]  File ignored by rseqc/junction_annotation because it exceeded search pattern filesize limit: trimmomatic_Ast28B_R2_SE_fastqc.html
[2022-01-19 06:23:45,316] multiqc                                            [DEBUG  ]  File ignored by rseqc/read_distribution because it exceeded search pattern filesize limit: trimmomatic_Ast28B_R2_SE_fastqc.html
[2022-01-19 06:23:45,316] multiqc                                            [DEBUG  ]  File ignored by rseqc/infer_experiment because it exceeded search pattern filesize limit: trimmomatic_Ast28B_R2_SE_fastqc.html
[2022-01-19 06:23:45,482] multiqc                                            [DEBUG  ]  Ignoring file as matched an ignore pattern: trimmomatic_Ast28B_R2_PE.fastq
[2022-01-19 06:23:45,499] multiqc                                            [DEBUG  ]  File ignored by ccs/v4 because it exceeded search pattern filesize limit: Ast28B.merged_fastqc.html
[2022-01-19 06:23:45,509] multiqc                                            [DEBUG  ]  File ignored by hicexplorer because it exceeded search pattern filesize limit: Ast28B.merged_fastqc.html
[2022-01-19 06:23:45,509] multiqc                                            [DEBUG  ]  File ignored by nanostat because it exceeded search pattern filesize limit: Ast28B.merged_fastqc.html
[2022-01-19 06:23:45,509] multiqc                                            [DEBUG  ]  File ignored by lima/summary because it exceeded search pattern filesize limit: Ast28B.merged_fastqc.html
[2022-01-19 06:23:45,519] multiqc                                            [DEBUG  ]  File ignored by vep/vep_txt because it exceeded search pattern filesize limit: Ast28B.merged_fastqc.html
[2022-01-19 06:23:45,519] multiqc                                            [DEBUG  ]  File ignored by longranger/invocation because it exceeded search pattern filesize limit: Ast28B.merged_fastqc.html
[2022-01-19 06:23:45,519] multiqc                                            [DEBUG  ]  File ignored by rockhopper because it exceeded search pattern filesize limit: Ast28B.merged_fastqc.html
[2022-01-19 06:23:45,520] multiqc                                            [DEBUG  ]  File ignored by rseqc/bam_stat because it exceeded search pattern filesize limit: Ast28B.merged_fastqc.html
[2022-01-19 06:23:45,520] multiqc                                            [DEBUG  ]  File ignored by rseqc/junction_annotation because it exceeded search pattern filesize limit: Ast28B.merged_fastqc.html
[2022-01-19 06:23:45,520] multiqc                                            [DEBUG  ]  File ignored by rseqc/read_distribution because it exceeded search pattern filesize limit: Ast28B.merged_fastqc.html
[2022-01-19 06:23:45,520] multiqc                                            [DEBUG  ]  File ignored by rseqc/infer_experiment because it exceeded search pattern filesize limit: Ast28B.merged_fastqc.html
[2022-01-19 06:23:45,695] multiqc                                            [DEBUG  ]  Ignoring file as matched an ignore pattern: trimmomatic_Ast28B_R1_SE.fastq
[2022-01-19 06:23:45,696] multiqc                                            [DEBUG  ]  Ignoring file as matched an ignore pattern: Ast28B.merged.fq.gz
[2022-01-19 06:23:45,707] multiqc                                            [DEBUG  ]  File ignored by ccs/v4 because it exceeded search pattern filesize limit: slurm_fastqc.43218561.err
[2022-01-19 06:23:45,717] multiqc                                            [DEBUG  ]  File ignored by lima/summary because it exceeded search pattern filesize limit: slurm_fastqc.43218561.err
[2022-01-19 06:23:45,726] multiqc                                            [DEBUG  ]  File ignored by longranger/invocation because it exceeded search pattern filesize limit: slurm_fastqc.43218561.err
[2022-01-19 06:23:45,754] multiqc                                            [DEBUG  ]  File ignored by ccs/v4 because it exceeded search pattern filesize limit: slurm_fastqc.43218568.err
[2022-01-19 06:23:45,759] multiqc                                            [DEBUG  ]  File ignored by hicexplorer because it exceeded search pattern filesize limit: slurm_fastqc.43218568.err
[2022-01-19 06:23:45,760] multiqc                                            [DEBUG  ]  File ignored by nanostat because it exceeded search pattern filesize limit: slurm_fastqc.43218568.err
[2022-01-19 06:23:45,760] multiqc                                            [DEBUG  ]  File ignored by lima/summary because it exceeded search pattern filesize limit: slurm_fastqc.43218568.err
[2022-01-19 06:23:45,769] multiqc                                            [DEBUG  ]  File ignored by longranger/invocation because it exceeded search pattern filesize limit: slurm_fastqc.43218568.err
[2022-01-19 06:23:45,798] multiqc                                            [DEBUG  ]  Ignoring file as matched an ignore pattern: Ast28B.failed.fq.gz
[2022-01-19 06:23:45,828] multiqc                                            [DEBUG  ]  File ignored by ccs/v4 because it exceeded search pattern filesize limit: slurm_fastp.43218495.out
[2022-01-19 06:23:45,834] multiqc                                            [DEBUG  ]  File ignored by lima/summary because it exceeded search pattern filesize limit: slurm_fastp.43218495.out
[2022-01-19 06:23:45,862] multiqc                                            [DEBUG  ]  Ignoring file as matched an ignore pattern: Ast28B.R1.pe.fq.gz
[2022-01-19 06:23:45,862] multiqc                                            [DEBUG  ]  Ignoring file as matched an ignore pattern: Ast28B.R2.se.fq.gz
[2022-01-19 06:23:45,879] multiqc                                            [DEBUG  ]  File ignored by ccs/v4 because it exceeded search pattern filesize limit: Ast28B_R1_001_fastqc.html
[2022-01-19 06:23:45,884] multiqc                                            [DEBUG  ]  File ignored by hicexplorer because it exceeded search pattern filesize limit: Ast28B_R1_001_fastqc.html
[2022-01-19 06:23:45,885] multiqc                                            [DEBUG  ]  File ignored by nanostat because it exceeded search pattern filesize limit: Ast28B_R1_001_fastqc.html
[2022-01-19 06:23:45,885] multiqc                                            [DEBUG  ]  File ignored by lima/summary because it exceeded search pattern filesize limit: Ast28B_R1_001_fastqc.html
[2022-01-19 06:23:45,895] multiqc                                            [DEBUG  ]  File ignored by vep/vep_txt because it exceeded search pattern filesize limit: Ast28B_R1_001_fastqc.html
[2022-01-19 06:23:45,895] multiqc                                            [DEBUG  ]  File ignored by longranger/invocation because it exceeded search pattern filesize limit: Ast28B_R1_001_fastqc.html
[2022-01-19 06:23:45,895] multiqc                                            [DEBUG  ]  File ignored by rockhopper because it exceeded search pattern filesize limit: Ast28B_R1_001_fastqc.html
[2022-01-19 06:23:45,895] multiqc                                            [DEBUG  ]  File ignored by rseqc/bam_stat because it exceeded search pattern filesize limit: Ast28B_R1_001_fastqc.html
[2022-01-19 06:23:45,895] multiqc                                            [DEBUG  ]  File ignored by rseqc/junction_annotation because it exceeded search pattern filesize limit: Ast28B_R1_001_fastqc.html
[2022-01-19 06:23:45,895] multiqc                                            [DEBUG  ]  File ignored by rseqc/read_distribution because it exceeded search pattern filesize limit: Ast28B_R1_001_fastqc.html
[2022-01-19 06:23:45,895] multiqc                                            [DEBUG  ]  File ignored by rseqc/infer_experiment because it exceeded search pattern filesize limit: Ast28B_R1_001_fastqc.html
[2022-01-19 06:23:46,057] multiqc                                            [DEBUG  ]  Ignoring file as matched an ignore pattern: Ast28B.R2.pe.fq.gz
[2022-01-19 06:23:46,110] multiqc                                            [DEBUG  ]  File ignored by ccs/v4 because it exceeded search pattern filesize limit: fastp.html
[2022-01-19 06:23:46,115] multiqc                                            [DEBUG  ]  File ignored by hicexplorer because it exceeded search pattern filesize limit: fastp.html
[2022-01-19 06:23:46,116] multiqc                                            [DEBUG  ]  File ignored by nanostat because it exceeded search pattern filesize limit: fastp.html
[2022-01-19 06:23:46,116] multiqc                                            [DEBUG  ]  File ignored by lima/summary because it exceeded search pattern filesize limit: fastp.html
[2022-01-19 06:23:46,125] multiqc                                            [DEBUG  ]  File ignored by vep/vep_txt because it exceeded search pattern filesize limit: fastp.html
[2022-01-19 06:23:46,125] multiqc                                            [DEBUG  ]  File ignored by longranger/invocation because it exceeded search pattern filesize limit: fastp.html
[2022-01-19 06:23:46,336] multiqc                                            [DEBUG  ]  Ignoring file as matched an ignore pattern: Ast28B.R1.se.fq.gz
[2022-01-19 06:23:46,376] multiqc                                            [DEBUG  ]  File ignored by ccs/v4 because it exceeded search pattern filesize limit: Ast28B.failed_fastqc.html
[2022-01-19 06:23:46,381] multiqc                                            [DEBUG  ]  File ignored by hicexplorer because it exceeded search pattern filesize limit: Ast28B.failed_fastqc.html
[2022-01-19 06:23:46,382] multiqc                                            [DEBUG  ]  File ignored by nanostat because it exceeded search pattern filesize limit: Ast28B.failed_fastqc.html
[2022-01-19 06:23:46,382] multiqc                                            [DEBUG  ]  File ignored by lima/summary because it exceeded search pattern filesize limit: Ast28B.failed_fastqc.html
[2022-01-19 06:23:46,392] multiqc                                            [DEBUG  ]  File ignored by vep/vep_txt because it exceeded search pattern filesize limit: Ast28B.failed_fastqc.html
[2022-01-19 06:23:46,392] multiqc                                            [DEBUG  ]  File ignored by longranger/invocation because it exceeded search pattern filesize limit: Ast28B.failed_fastqc.html
[2022-01-19 06:23:46,392] multiqc                                            [DEBUG  ]  File ignored by rockhopper because it exceeded search pattern filesize limit: Ast28B.failed_fastqc.html
[2022-01-19 06:23:46,392] multiqc                                            [DEBUG  ]  File ignored by rseqc/bam_stat because it exceeded search pattern filesize limit: Ast28B.failed_fastqc.html
[2022-01-19 06:23:46,392] multiqc                                            [DEBUG  ]  File ignored by rseqc/junction_annotation because it exceeded search pattern filesize limit: Ast28B.failed_fastqc.html
[2022-01-19 06:23:46,393] multiqc                                            [DEBUG  ]  File ignored by rseqc/read_distribution because it exceeded search pattern filesize limit: Ast28B.failed_fastqc.html
[2022-01-19 06:23:46,393] multiqc                                            [DEBUG  ]  File ignored by rseqc/infer_experiment because it exceeded search pattern filesize limit: Ast28B.failed_fastqc.html
[2022-01-19 06:23:46,710] multiqc                                            [DEBUG  ]  File ignored by ccs/v4 because it exceeded search pattern filesize limit: Ast28B.R1.pe_fastqc.html
[2022-01-19 06:23:46,716] multiqc                                            [DEBUG  ]  File ignored by hicexplorer because it exceeded search pattern filesize limit: Ast28B.R1.pe_fastqc.html
[2022-01-19 06:23:46,716] multiqc                                            [DEBUG  ]  File ignored by nanostat because it exceeded search pattern filesize limit: Ast28B.R1.pe_fastqc.html
[2022-01-19 06:23:46,717] multiqc                                            [DEBUG  ]  File ignored by lima/summary because it exceeded search pattern filesize limit: Ast28B.R1.pe_fastqc.html
[2022-01-19 06:23:46,726] multiqc                                            [DEBUG  ]  File ignored by vep/vep_txt because it exceeded search pattern filesize limit: Ast28B.R1.pe_fastqc.html
[2022-01-19 06:23:46,727] multiqc                                            [DEBUG  ]  File ignored by longranger/invocation because it exceeded search pattern filesize limit: Ast28B.R1.pe_fastqc.html
[2022-01-19 06:23:46,727] multiqc                                            [DEBUG  ]  File ignored by rockhopper because it exceeded search pattern filesize limit: Ast28B.R1.pe_fastqc.html
[2022-01-19 06:23:46,727] multiqc                                            [DEBUG  ]  File ignored by rseqc/bam_stat because it exceeded search pattern filesize limit: Ast28B.R1.pe_fastqc.html
[2022-01-19 06:23:46,727] multiqc                                            [DEBUG  ]  File ignored by rseqc/junction_annotation because it exceeded search pattern filesize limit: Ast28B.R1.pe_fastqc.html
[2022-01-19 06:23:46,727] multiqc                                            [DEBUG  ]  File ignored by rseqc/read_distribution because it exceeded search pattern filesize limit: Ast28B.R1.pe_fastqc.html
[2022-01-19 06:23:46,727] multiqc                                            [DEBUG  ]  File ignored by rseqc/infer_experiment because it exceeded search pattern filesize limit: Ast28B.R1.pe_fastqc.html
[2022-01-19 06:23:46,916] multiqc                                            [DEBUG  ]  File ignored by ccs/v4 because it exceeded search pattern filesize limit: trimmomatic_Ast28B_R1_SE_fastqc.html
[2022-01-19 06:23:46,921] multiqc                                            [DEBUG  ]  File ignored by hicexplorer because it exceeded search pattern filesize limit: trimmomatic_Ast28B_R1_SE_fastqc.html
[2022-01-19 06:23:46,922] multiqc                                            [DEBUG  ]  File ignored by nanostat because it exceeded search pattern filesize limit: trimmomatic_Ast28B_R1_SE_fastqc.html
[2022-01-19 06:23:46,922] multiqc                                            [DEBUG  ]  File ignored by lima/summary because it exceeded search pattern filesize limit: trimmomatic_Ast28B_R1_SE_fastqc.html
[2022-01-19 06:23:46,932] multiqc                                            [DEBUG  ]  File ignored by vep/vep_txt because it exceeded search pattern filesize limit: trimmomatic_Ast28B_R1_SE_fastqc.html
[2022-01-19 06:23:46,932] multiqc                                            [DEBUG  ]  File ignored by longranger/invocation because it exceeded search pattern filesize limit: trimmomatic_Ast28B_R1_SE_fastqc.html
[2022-01-19 06:23:46,932] multiqc                                            [DEBUG  ]  File ignored by rockhopper because it exceeded search pattern filesize limit: trimmomatic_Ast28B_R1_SE_fastqc.html
[2022-01-19 06:23:46,932] multiqc                                            [DEBUG  ]  File ignored by rseqc/bam_stat because it exceeded search pattern filesize limit: trimmomatic_Ast28B_R1_SE_fastqc.html
[2022-01-19 06:23:46,932] multiqc                                            [DEBUG  ]  File ignored by rseqc/junction_annotation because it exceeded search pattern filesize limit: trimmomatic_Ast28B_R1_SE_fastqc.html
[2022-01-19 06:23:46,932] multiqc                                            [DEBUG  ]  File ignored by rseqc/read_distribution because it exceeded search pattern filesize limit: trimmomatic_Ast28B_R1_SE_fastqc.html
[2022-01-19 06:23:46,932] multiqc                                            [DEBUG  ]  File ignored by rseqc/infer_experiment because it exceeded search pattern filesize limit: trimmomatic_Ast28B_R1_SE_fastqc.html
[2022-01-19 06:23:47,149] multiqc                                            [DEBUG  ]  File ignored by ccs/v4 because it exceeded search pattern filesize limit: trimmomatic_Ast28B_R1_PE_fastqc.html
[2022-01-19 06:23:47,155] multiqc                                            [DEBUG  ]  File ignored by hicexplorer because it exceeded search pattern filesize limit: trimmomatic_Ast28B_R1_PE_fastqc.html
[2022-01-19 06:23:47,155] multiqc                                            [DEBUG  ]  File ignored by nanostat because it exceeded search pattern filesize limit: trimmomatic_Ast28B_R1_PE_fastqc.html
[2022-01-19 06:23:47,156] multiqc                                            [DEBUG  ]  File ignored by lima/summary because it exceeded search pattern filesize limit: trimmomatic_Ast28B_R1_PE_fastqc.html
[2022-01-19 06:23:47,165] multiqc                                            [DEBUG  ]  File ignored by vep/vep_txt because it exceeded search pattern filesize limit: trimmomatic_Ast28B_R1_PE_fastqc.html
[2022-01-19 06:23:47,166] multiqc                                            [DEBUG  ]  File ignored by longranger/invocation because it exceeded search pattern filesize limit: trimmomatic_Ast28B_R1_PE_fastqc.html
[2022-01-19 06:23:47,166] multiqc                                            [DEBUG  ]  File ignored by rockhopper because it exceeded search pattern filesize limit: trimmomatic_Ast28B_R1_PE_fastqc.html
[2022-01-19 06:23:47,166] multiqc                                            [DEBUG  ]  File ignored by rseqc/bam_stat because it exceeded search pattern filesize limit: trimmomatic_Ast28B_R1_PE_fastqc.html
[2022-01-19 06:23:47,166] multiqc                                            [DEBUG  ]  File ignored by rseqc/junction_annotation because it exceeded search pattern filesize limit: trimmomatic_Ast28B_R1_PE_fastqc.html
[2022-01-19 06:23:47,166] multiqc                                            [DEBUG  ]  File ignored by rseqc/read_distribution because it exceeded search pattern filesize limit: trimmomatic_Ast28B_R1_PE_fastqc.html
[2022-01-19 06:23:47,166] multiqc                                            [DEBUG  ]  File ignored by rseqc/infer_experiment because it exceeded search pattern filesize limit: trimmomatic_Ast28B_R1_PE_fastqc.html
[2022-01-19 06:23:47,350] multiqc                                            [DEBUG  ]  File ignored by ccs/v4 because it exceeded search pattern filesize limit: Ast28B.R1.se_fastqc.html
[2022-01-19 06:23:47,355] multiqc                                            [DEBUG  ]  File ignored by hicexplorer because it exceeded search pattern filesize limit: Ast28B.R1.se_fastqc.html
[2022-01-19 06:23:47,356] multiqc                                            [DEBUG  ]  File ignored by nanostat because it exceeded search pattern filesize limit: Ast28B.R1.se_fastqc.html
[2022-01-19 06:23:47,356] multiqc                                            [DEBUG  ]  File ignored by lima/summary because it exceeded search pattern filesize limit: Ast28B.R1.se_fastqc.html
[2022-01-19 06:23:47,366] multiqc                                            [DEBUG  ]  File ignored by vep/vep_txt because it exceeded search pattern filesize limit: Ast28B.R1.se_fastqc.html
[2022-01-19 06:23:47,366] multiqc                                            [DEBUG  ]  File ignored by longranger/invocation because it exceeded search pattern filesize limit: Ast28B.R1.se_fastqc.html
[2022-01-19 06:23:47,366] multiqc                                            [DEBUG  ]  File ignored by rockhopper because it exceeded search pattern filesize limit: Ast28B.R1.se_fastqc.html
[2022-01-19 06:23:47,366] multiqc                                            [DEBUG  ]  File ignored by rseqc/bam_stat because it exceeded search pattern filesize limit: Ast28B.R1.se_fastqc.html
[2022-01-19 06:23:47,366] multiqc                                            [DEBUG  ]  File ignored by rseqc/junction_annotation because it exceeded search pattern filesize limit: Ast28B.R1.se_fastqc.html
[2022-01-19 06:23:47,366] multiqc                                            [DEBUG  ]  File ignored by rseqc/read_distribution because it exceeded search pattern filesize limit: Ast28B.R1.se_fastqc.html
[2022-01-19 06:23:47,367] multiqc                                            [DEBUG  ]  File ignored by rseqc/infer_experiment because it exceeded search pattern filesize limit: Ast28B.R1.se_fastqc.html
[2022-01-19 06:23:47,548] multiqc                                            [DEBUG  ]  File ignored by ccs/v4 because it exceeded search pattern filesize limit: slurm_fastp.43218495.err
[2022-01-19 06:23:47,554] multiqc                                            [DEBUG  ]  File ignored by lima/summary because it exceeded search pattern filesize limit: slurm_fastp.43218495.err
[2022-01-19 06:23:47,563] multiqc                                            [DEBUG  ]  File ignored by longranger/invocation because it exceeded search pattern filesize limit: slurm_fastp.43218495.err
[2022-01-19 06:23:47,588] multiqc                                            [DEBUG  ]  Ignoring file as matched an ignore pattern: trimmomatic_Ast28B_R1_PE.fastq
[2022-01-19 06:23:47,588] multiqc                                            [DEBUG  ]  Ignoring file as matched an ignore pattern: trimmomatic_Ast28B_R2_SE.fastq
[2022-01-19 06:23:47,663] multiqc                                            [DEBUG  ]  File ignored by ccs/v4 because it exceeded search pattern filesize limit: slurm_fastqc.43218568.out
[2022-01-19 06:23:47,669] multiqc                                            [DEBUG  ]  File ignored by lima/summary because it exceeded search pattern filesize limit: slurm_fastqc.43218568.out
[2022-01-19 06:23:47,678] multiqc                                            [DEBUG  ]  File ignored by longranger/invocation because it exceeded search pattern filesize limit: slurm_fastqc.43218568.out
[2022-01-19 06:23:47,718] multiqc                                            [DEBUG  ]  File ignored by ccs/v4 because it exceeded search pattern filesize limit: Ast28B_R2_001_fastqc.html
[2022-01-19 06:23:47,723] multiqc                                            [DEBUG  ]  File ignored by hicexplorer because it exceeded search pattern filesize limit: Ast28B_R2_001_fastqc.html
[2022-01-19 06:23:47,724] multiqc                                            [DEBUG  ]  File ignored by nanostat because it exceeded search pattern filesize limit: Ast28B_R2_001_fastqc.html
[2022-01-19 06:23:47,724] multiqc                                            [DEBUG  ]  File ignored by lima/summary because it exceeded search pattern filesize limit: Ast28B_R2_001_fastqc.html
[2022-01-19 06:23:47,734] multiqc                                            [DEBUG  ]  File ignored by vep/vep_txt because it exceeded search pattern filesize limit: Ast28B_R2_001_fastqc.html
[2022-01-19 06:23:47,734] multiqc                                            [DEBUG  ]  File ignored by longranger/invocation because it exceeded search pattern filesize limit: Ast28B_R2_001_fastqc.html
[2022-01-19 06:23:47,734] multiqc                                            [DEBUG  ]  File ignored by rockhopper because it exceeded search pattern filesize limit: Ast28B_R2_001_fastqc.html
[2022-01-19 06:23:47,734] multiqc                                            [DEBUG  ]  File ignored by rseqc/bam_stat because it exceeded search pattern filesize limit: Ast28B_R2_001_fastqc.html
[2022-01-19 06:23:47,734] multiqc                                            [DEBUG  ]  File ignored by rseqc/junction_annotation because it exceeded search pattern filesize limit: Ast28B_R2_001_fastqc.html
[2022-01-19 06:23:47,734] multiqc                                            [DEBUG  ]  File ignored by rseqc/read_distribution because it exceeded search pattern filesize limit: Ast28B_R2_001_fastqc.html
[2022-01-19 06:23:47,735] multiqc                                            [DEBUG  ]  File ignored by rseqc/infer_experiment because it exceeded search pattern filesize limit: Ast28B_R2_001_fastqc.html
[2022-01-19 06:23:54,710] multiqc.plots.bargraph                             [DEBUG  ]  Using matplotlib version 3.5.1
[2022-01-19 06:23:54,722] multiqc.plots.linegraph                            [DEBUG  ]  Using matplotlib version 3.5.1
[2022-01-19 06:23:54,741] multiqc                                            [DEBUG  ]  No samples found: custom_content
[2022-01-19 06:23:54,778] multiqc                                            [DEBUG  ]  No samples found: ccs
[2022-01-19 06:23:54,815] multiqc                                            [DEBUG  ]  No samples found: ngsderive
[2022-01-19 06:23:54,858] multiqc                                            [DEBUG  ]  No samples found: purple
[2022-01-19 06:23:54,894] multiqc                                            [DEBUG  ]  No samples found: conpair
[2022-01-19 06:23:54,933] multiqc                                            [DEBUG  ]  No samples found: lima
[2022-01-19 06:23:54,974] multiqc                                            [DEBUG  ]  No samples found: peddy
[2022-01-19 06:23:55,016] multiqc                                            [DEBUG  ]  No samples found: somalier
[2022-01-19 06:23:55,054] multiqc                                            [DEBUG  ]  No samples found: methylQA
[2022-01-19 06:23:55,161] multiqc.modules.mosdepth.mosdepth                  [DEBUG  ]  include_contigs: []
[2022-01-19 06:23:55,161] multiqc.modules.mosdepth.mosdepth                  [DEBUG  ]  exclude_contigs: []
[2022-01-19 06:23:55,162] multiqc                                            [DEBUG  ]  No samples found: mosdepth
[2022-01-19 06:23:55,239] multiqc                                            [DEBUG  ]  No samples found: phantompeakqualtools
[2022-01-19 06:23:55,262] multiqc                                            [DEBUG  ]  No samples found: qualimap
[2022-01-19 06:23:55,298] multiqc                                            [DEBUG  ]  No samples found: preseq
[2022-01-19 06:23:55,372] multiqc                                            [DEBUG  ]  No samples found: quast
[2022-01-19 06:23:55,421] multiqc                                            [DEBUG  ]  No samples found: qorts
[2022-01-19 06:23:55,464] multiqc                                            [DEBUG  ]  No samples found: rna_seqc
[2022-01-19 06:23:55,501] multiqc                                            [DEBUG  ]  No samples found: rockhopper
[2022-01-19 06:23:55,530] multiqc                                            [DEBUG  ]  No samples found: rsem
[2022-01-19 06:23:55,727] multiqc                                            [DEBUG  ]  No samples found: rseqc
[2022-01-19 06:23:55,768] multiqc                                            [DEBUG  ]  No samples found: busco
[2022-01-19 06:23:55,797] multiqc                                            [DEBUG  ]  No samples found: bustools
[2022-01-19 06:23:55,822] multiqc                                            [DEBUG  ]  No samples found: goleft_indexcov
[2022-01-19 06:23:55,946] multiqc                                            [DEBUG  ]  No samples found: gffcompare
[2022-01-19 06:23:55,984] multiqc                                            [DEBUG  ]  No samples found: disambiguate
[2022-01-19 06:23:56,026] multiqc                                            [DEBUG  ]  No samples found: supernova
[2022-01-19 06:23:56,250] multiqc                                            [DEBUG  ]  No samples found: deeptools
[2022-01-19 06:23:56,296] multiqc                                            [DEBUG  ]  No samples found: sargasso
[2022-01-19 06:23:56,337] multiqc                                            [DEBUG  ]  No samples found: verifybamid
[2022-01-19 06:23:56,380] multiqc                                            [DEBUG  ]  No samples found: mirtrace
[2022-01-19 06:23:56,426] multiqc                                            [DEBUG  ]  No samples found: happy
[2022-01-19 06:23:56,465] multiqc                                            [DEBUG  ]  No samples found: mirtop
[2022-01-19 06:23:56,533] multiqc                                            [DEBUG  ]  No samples found: sambamba
[2022-01-19 06:23:56,686] multiqc                                            [DEBUG  ]  No samples found: homer
[2022-01-19 06:23:56,714] multiqc                                            [DEBUG  ]  No samples found: hops
[2022-01-19 06:23:56,914] multiqc                                            [DEBUG  ]  No samples found: macs2
[2022-01-19 06:23:56,948] multiqc                                            [DEBUG  ]  No samples found: theta2
[2022-01-19 06:23:57,140] multiqc                                            [DEBUG  ]  No samples found: snpeff
[2022-01-19 06:23:57,238] multiqc                                            [DEBUG  ]  No samples found: gatk
[2022-01-19 06:23:57,278] multiqc                                            [DEBUG  ]  No samples found: htseq
[2022-01-19 06:23:57,358] multiqc                                            [DEBUG  ]  No samples found: bcftools
[2022-01-19 06:23:57,387] multiqc                                            [DEBUG  ]  No samples found: featureCounts
[2022-01-19 06:23:57,578] multiqc                                            [DEBUG  ]  No samples found: fgbio
[2022-01-19 06:23:57,828] multiqc                                            [DEBUG  ]  No samples found: dragen
[2022-01-19 06:23:57,860] multiqc                                            [DEBUG  ]  No samples found: dedup
[2022-01-19 06:23:58,002] multiqc                                            [DEBUG  ]  No samples found: damageprofiler
[2022-01-19 06:23:58,531] multiqc                                            [DEBUG  ]  No samples found: biobambam2
[2022-01-19 06:23:58,573] multiqc                                            [DEBUG  ]  No samples found: jcvi
[2022-01-19 06:23:58,600] multiqc                                            [DEBUG  ]  No samples found: mtnucratio
[2022-01-19 06:23:58,605] multiqc                                            [DEBUG  ]  No samples found: picard
[2022-01-19 06:23:58,642] multiqc                                            [DEBUG  ]  No samples found: vep
[2022-01-19 06:23:58,765] multiqc                                            [DEBUG  ]  No samples found: sentieon
[2022-01-19 06:23:58,802] multiqc                                            [DEBUG  ]  No samples found: prokka
[2022-01-19 06:23:58,835] multiqc                                            [DEBUG  ]  No samples found: qc3C
[2022-01-19 06:23:58,869] multiqc                                            [DEBUG  ]  No samples found: nanostat
[2022-01-19 06:23:58,906] multiqc                                            [DEBUG  ]  No samples found: samblaster
[2022-01-19 06:23:59,000] multiqc                                            [DEBUG  ]  No samples found: samtools
[2022-01-19 06:23:59,031] multiqc                                            [DEBUG  ]  No samples found: sexdeterrmine
[2022-01-19 06:23:59,111] multiqc                                            [DEBUG  ]  No samples found: eigenstratdatabasetools
[2022-01-19 06:23:59,178] multiqc                                            [DEBUG  ]  No samples found: bamtools
[2022-01-19 06:23:59,188] multiqc                                            [DEBUG  ]  No samples found: jellyfish
[2022-01-19 06:23:59,257] multiqc                                            [DEBUG  ]  No samples found: vcftools
[2022-01-19 06:23:59,308] multiqc                                            [DEBUG  ]  No samples found: longranger
[2022-01-19 06:23:59,353] multiqc                                            [DEBUG  ]  No samples found: stacks
[2022-01-19 06:23:59,401] multiqc                                            [DEBUG  ]  No samples found: varscan2
[2022-01-19 06:23:59,456] multiqc                                            [DEBUG  ]  No samples found: snippy
[2022-01-19 06:23:59,678] multiqc                                            [DEBUG  ]  No samples found: bbmap
[2022-01-19 06:23:59,718] multiqc                                            [DEBUG  ]  No samples found: bismark
[2022-01-19 06:23:59,754] multiqc                                            [DEBUG  ]  No samples found: biscuit
[2022-01-19 06:23:59,784] multiqc                                            [DEBUG  ]  No samples found: hicexplorer
[2022-01-19 06:23:59,844] multiqc                                            [DEBUG  ]  No samples found: hicup
[2022-01-19 06:23:59,874] multiqc                                            [DEBUG  ]  No samples found: hicpro
[2022-01-19 06:23:59,910] multiqc                                            [DEBUG  ]  No samples found: salmon
[2022-01-19 06:23:59,959] multiqc                                            [DEBUG  ]  No samples found: kallisto
[2022-01-19 06:23:59,998] multiqc                                            [DEBUG  ]  No samples found: slamdunk
[2022-01-19 06:24:00,042] multiqc                                            [DEBUG  ]  No samples found: star
[2022-01-19 06:24:00,068] multiqc                                            [DEBUG  ]  No samples found: hisat2
[2022-01-19 06:24:00,110] multiqc                                            [DEBUG  ]  No samples found: tophat
[2022-01-19 06:24:00,158] multiqc                                            [DEBUG  ]  No samples found: bowtie2
[2022-01-19 06:24:00,189] multiqc                                            [DEBUG  ]  No samples found: bowtie1
[2022-01-19 06:24:00,227] multiqc                                            [DEBUG  ]  No samples found: snpsplit
[2022-01-19 06:24:00,267] multiqc                                            [DEBUG  ]  No samples found: odgi
[2022-01-19 06:24:00,341] multiqc                                            [DEBUG  ]  No samples found: pangolin
[2022-01-19 06:24:00,366] multiqc                                            [DEBUG  ]  No samples found: kat
[2022-01-19 06:24:00,399] multiqc                                            [DEBUG  ]  No samples found: leehom
[2022-01-19 06:24:00,459] multiqc                                            [DEBUG  ]  No samples found: adapterRemoval
[2022-01-19 06:24:00,494] multiqc                                            [DEBUG  ]  No samples found: clipandmerge
[2022-01-19 06:24:00,550] multiqc                                            [DEBUG  ]  No samples found: cutadapt
[2022-01-19 06:24:00,584] multiqc                                            [DEBUG  ]  No samples found: flexbar
[2022-01-19 06:24:00,625] multiqc                                            [DEBUG  ]  No samples found: kaiju
[2022-01-19 06:24:00,659] multiqc                                            [DEBUG  ]  No samples found: kraken
[2022-01-19 06:24:00,689] multiqc                                            [DEBUG  ]  No samples found: malt
[2022-01-19 06:24:00,711] multiqc                                            [DEBUG  ]  No samples found: trimmomatic
[2022-01-19 06:24:00,745] multiqc                                            [DEBUG  ]  No samples found: sickle
[2022-01-19 06:24:00,778] multiqc                                            [DEBUG  ]  No samples found: skewer
[2022-01-19 06:24:00,823] multiqc                                            [DEBUG  ]  No samples found: sortmerna
[2022-01-19 06:24:00,855] multiqc                                            [DEBUG  ]  No samples found: biobloomtools
[2022-01-19 06:24:00,896] multiqc                                            [DEBUG  ]  No samples found: fastq_screen
[2022-01-19 06:24:00,932] multiqc                                            [DEBUG  ]  No samples found: afterqc
[2022-01-19 06:24:00,985] multiqc.modules.fastp.fastp                        [WARNING]  Could not parse sample name from fastp command: fastp.json
[2022-01-19 06:24:00,986] multiqc.modules.fastp.fastp                        [DEBUG  ]  No duplication rate plot data: fastp.json
[2022-01-19 06:24:00,987] multiqc.modules.fastp.fastp                        [DEBUG  ]  Read quality read1_after_filtering not found: fastp.json
[2022-01-19 06:24:00,987] multiqc.modules.fastp.fastp                        [DEBUG  ]  Content curve data read1_after_filtering not found: fastp.json
[2022-01-19 06:24:00,987] multiqc.modules.fastp.fastp                        [DEBUG  ]  Read quality read2_after_filtering not found: fastp.json
[2022-01-19 06:24:00,987] multiqc.modules.fastp.fastp                        [DEBUG  ]  Content curve data read2_after_filtering not found: fastp.json
[2022-01-19 06:24:00,987] multiqc.modules.fastp.fastp                        [INFO   ]  Found 1 reports
[2022-01-19 06:24:02,640] multiqc.modules.fastqc.fastqc                      [DEBUG  ]  Duplicate sample name found! Overwriting: Ast28B
[2022-01-19 06:24:02,728] multiqc.modules.fastqc.fastqc                      [INFO   ]  Found 11 reports
[2022-01-19 06:24:02,979] multiqc                                            [DEBUG  ]  No samples found: pychopper
[2022-01-19 06:24:03,043] multiqc                                            [DEBUG  ]  No samples found: pycoqc
[2022-01-19 06:24:03,079] multiqc                                            [DEBUG  ]  No samples found: minionqc
[2022-01-19 06:24:03,140] multiqc                                            [DEBUG  ]  No samples found: multivcfanalyzer
[2022-01-19 06:24:03,191] multiqc                                            [DEBUG  ]  No samples found: clusterflow
[2022-01-19 06:24:03,230] multiqc                                            [DEBUG  ]  No samples found: bcl2fastq
[2022-01-19 06:24:03,269] multiqc                                            [DEBUG  ]  No samples found: bclconvert
[2022-01-19 06:24:03,292] multiqc                                            [DEBUG  ]  No samples found: interop
[2022-01-19 06:24:03,329] multiqc                                            [DEBUG  ]  No samples found: ivar
[2022-01-19 06:24:03,369] multiqc                                            [DEBUG  ]  No samples found: flash
[2022-01-19 06:24:03,413] multiqc                                            [DEBUG  ]  No samples found: seqyclean
[2022-01-19 06:24:03,439] multiqc                                            [DEBUG  ]  No samples found: optitype
[2022-01-19 06:24:03,463] multiqc                                            [INFO   ]  Compressing plot data
[2022-01-19 06:24:03,653] multiqc                                            [INFO   ]  Report      : multiqc_report.html
[2022-01-19 06:24:03,653] multiqc                                            [INFO   ]  Data        : multiqc_data
[2022-01-19 06:24:03,653] multiqc                                            [DEBUG  ]  Moving data file from '/tmp/tmpdqd2lt69/multiqc_data' to '/home/mhussien/astrangia/astrangia_paper/runs/fastp_new/multiqc_data'
[2022-01-19 06:24:04,827] multiqc                                            [INFO   ]  MultiQC complete
