[2022-01-15 17:53:56,941] multiqc                                            [DEBUG  ]  This is MultiQC v1.11
[2022-01-15 17:53:56,942] multiqc                                            [DEBUG  ]  No MultiQC config found: /home/mhussien/miniconda3/envs/astrangia/lib/python3.10/site-packages/multiqc_config.yaml
[2022-01-15 17:53:56,942] multiqc                                            [DEBUG  ]  No MultiQC config found: /home/mhussien/.multiqc_config.yaml
[2022-01-15 17:53:56,943] multiqc                                            [DEBUG  ]  No MultiQC config found: multiqc_config.yaml
[2022-01-15 17:53:56,943] multiqc                                            [DEBUG  ]  Command used: /home/mhussien/miniconda3/envs/astrangia/bin/multiqc --interactive .
[2022-01-15 17:54:07,742] multiqc                                            [DEBUG  ]  Latest MultiQC version is v1.11
[2022-01-15 17:54:07,742] multiqc                                            [DEBUG  ]  Command     : /home/mhussien/miniconda3/envs/astrangia/bin/multiqc --interactive .
[2022-01-15 17:54:07,742] multiqc                                            [DEBUG  ]  Working dir : /home/mhussien/loretta_decontamination/astrangia_paper/runs/fastqc
[2022-01-15 17:54:07,742] multiqc                                            [DEBUG  ]  Template    : default
[2022-01-15 17:54:07,742] multiqc                                            [DEBUG  ]  Running Python 3.10.2 | packaged by conda-forge | (main, Jan 14 2022, 08:02:19) [GCC 9.4.0]
[2022-01-15 17:54:07,743] multiqc                                            [DEBUG  ]  Analysing modules: custom_content, ccs, ngsderive, purple, conpair, lima, peddy, somalier, methylQA, mosdepth, phantompeakqualtools, qualimap, preseq, quast, qorts, rna_seqc, rockhopper, rsem, rseqc, busco, bustools, goleft_indexcov, gffcompare, disambiguate, supernova, deeptools, sargasso, verifybamid, mirtrace, happy, mirtop, sambamba, homer, hops, macs2, theta2, snpeff, gatk, htseq, bcftools, featureCounts, fgbio, dragen, dedup, damageprofiler, biobambam2, jcvi, mtnucratio, picard, vep, sentieon, prokka, qc3C, nanostat, samblaster, samtools, sexdeterrmine, eigenstratdatabasetools, bamtools, jellyfish, vcftools, longranger, stacks, varscan2, snippy, bbmap, bismark, biscuit, hicexplorer, hicup, hicpro, salmon, kallisto, slamdunk, star, hisat2, tophat, bowtie2, bowtie1, snpsplit, odgi, pangolin, kat, leehom, adapterRemoval, clipandmerge, cutadapt, flexbar, kaiju, kraken, malt, trimmomatic, sickle, skewer, sortmerna, biobloomtools, fastq_screen, afterqc, fastp, fastqc, pychopper, pycoqc, minionqc, multivcfanalyzer, clusterflow, bcl2fastq, bclconvert, interop, ivar, flash, seqyclean, optitype
[2022-01-15 17:54:07,743] multiqc                                            [DEBUG  ]  Using temporary directory for creating report: /tmp/tmp3js71_8g
[2022-01-15 17:54:08,011] multiqc                                            [INFO   ]  Search path : /home/mhussien/loretta_decontamination/astrangia_paper/runs/fastqc
[2022-01-15 17:54:08,131] multiqc                                            [DEBUG  ]  File ignored by ccs/v4 because it exceeded search pattern filesize limit: trimmomatic_Ast28B_R1_PE_fastqc.html
[2022-01-15 17:54:08,136] multiqc                                            [DEBUG  ]  File ignored by hicexplorer because it exceeded search pattern filesize limit: trimmomatic_Ast28B_R1_PE_fastqc.html
[2022-01-15 17:54:08,136] multiqc                                            [DEBUG  ]  File ignored by nanostat because it exceeded search pattern filesize limit: trimmomatic_Ast28B_R1_PE_fastqc.html
[2022-01-15 17:54:08,137] multiqc                                            [DEBUG  ]  File ignored by lima/summary because it exceeded search pattern filesize limit: trimmomatic_Ast28B_R1_PE_fastqc.html
[2022-01-15 17:54:08,147] multiqc                                            [DEBUG  ]  File ignored by vep/vep_txt because it exceeded search pattern filesize limit: trimmomatic_Ast28B_R1_PE_fastqc.html
[2022-01-15 17:54:08,147] multiqc                                            [DEBUG  ]  File ignored by longranger/invocation because it exceeded search pattern filesize limit: trimmomatic_Ast28B_R1_PE_fastqc.html
[2022-01-15 17:54:08,148] multiqc                                            [DEBUG  ]  File ignored by rockhopper because it exceeded search pattern filesize limit: trimmomatic_Ast28B_R1_PE_fastqc.html
[2022-01-15 17:54:08,148] multiqc                                            [DEBUG  ]  File ignored by rseqc/bam_stat because it exceeded search pattern filesize limit: trimmomatic_Ast28B_R1_PE_fastqc.html
[2022-01-15 17:54:08,148] multiqc                                            [DEBUG  ]  File ignored by rseqc/junction_annotation because it exceeded search pattern filesize limit: trimmomatic_Ast28B_R1_PE_fastqc.html
[2022-01-15 17:54:08,148] multiqc                                            [DEBUG  ]  File ignored by rseqc/read_distribution because it exceeded search pattern filesize limit: trimmomatic_Ast28B_R1_PE_fastqc.html
[2022-01-15 17:54:08,148] multiqc                                            [DEBUG  ]  File ignored by rseqc/infer_experiment because it exceeded search pattern filesize limit: trimmomatic_Ast28B_R1_PE_fastqc.html
[2022-01-15 17:54:08,341] multiqc                                            [DEBUG  ]  File ignored by ccs/v4 because it exceeded search pattern filesize limit: fastp_Ast28B_R2_SE_fastqc.html
[2022-01-15 17:54:08,346] multiqc                                            [DEBUG  ]  File ignored by hicexplorer because it exceeded search pattern filesize limit: fastp_Ast28B_R2_SE_fastqc.html
[2022-01-15 17:54:08,347] multiqc                                            [DEBUG  ]  File ignored by nanostat because it exceeded search pattern filesize limit: fastp_Ast28B_R2_SE_fastqc.html
[2022-01-15 17:54:08,347] multiqc                                            [DEBUG  ]  File ignored by lima/summary because it exceeded search pattern filesize limit: fastp_Ast28B_R2_SE_fastqc.html
[2022-01-15 17:54:08,355] multiqc                                            [DEBUG  ]  File ignored by vep/vep_txt because it exceeded search pattern filesize limit: fastp_Ast28B_R2_SE_fastqc.html
[2022-01-15 17:54:08,355] multiqc                                            [DEBUG  ]  File ignored by longranger/invocation because it exceeded search pattern filesize limit: fastp_Ast28B_R2_SE_fastqc.html
[2022-01-15 17:54:08,355] multiqc                                            [DEBUG  ]  File ignored by rockhopper because it exceeded search pattern filesize limit: fastp_Ast28B_R2_SE_fastqc.html
[2022-01-15 17:54:08,355] multiqc                                            [DEBUG  ]  File ignored by rseqc/bam_stat because it exceeded search pattern filesize limit: fastp_Ast28B_R2_SE_fastqc.html
[2022-01-15 17:54:08,355] multiqc                                            [DEBUG  ]  File ignored by rseqc/junction_annotation because it exceeded search pattern filesize limit: fastp_Ast28B_R2_SE_fastqc.html
[2022-01-15 17:54:08,356] multiqc                                            [DEBUG  ]  File ignored by rseqc/read_distribution because it exceeded search pattern filesize limit: fastp_Ast28B_R2_SE_fastqc.html
[2022-01-15 17:54:08,356] multiqc                                            [DEBUG  ]  File ignored by rseqc/infer_experiment because it exceeded search pattern filesize limit: fastp_Ast28B_R2_SE_fastqc.html
[2022-01-15 17:54:08,632] multiqc                                            [DEBUG  ]  File ignored by ccs/v4 because it exceeded search pattern filesize limit: fastp_Ast28B_R2_PE_fastqc.html
[2022-01-15 17:54:08,637] multiqc                                            [DEBUG  ]  File ignored by hicexplorer because it exceeded search pattern filesize limit: fastp_Ast28B_R2_PE_fastqc.html
[2022-01-15 17:54:08,638] multiqc                                            [DEBUG  ]  File ignored by nanostat because it exceeded search pattern filesize limit: fastp_Ast28B_R2_PE_fastqc.html
[2022-01-15 17:54:08,638] multiqc                                            [DEBUG  ]  File ignored by lima/summary because it exceeded search pattern filesize limit: fastp_Ast28B_R2_PE_fastqc.html
[2022-01-15 17:54:08,647] multiqc                                            [DEBUG  ]  File ignored by vep/vep_txt because it exceeded search pattern filesize limit: fastp_Ast28B_R2_PE_fastqc.html
[2022-01-15 17:54:08,647] multiqc                                            [DEBUG  ]  File ignored by longranger/invocation because it exceeded search pattern filesize limit: fastp_Ast28B_R2_PE_fastqc.html
[2022-01-15 17:54:08,647] multiqc                                            [DEBUG  ]  File ignored by rockhopper because it exceeded search pattern filesize limit: fastp_Ast28B_R2_PE_fastqc.html
[2022-01-15 17:54:08,647] multiqc                                            [DEBUG  ]  File ignored by rseqc/bam_stat because it exceeded search pattern filesize limit: fastp_Ast28B_R2_PE_fastqc.html
[2022-01-15 17:54:08,647] multiqc                                            [DEBUG  ]  File ignored by rseqc/junction_annotation because it exceeded search pattern filesize limit: fastp_Ast28B_R2_PE_fastqc.html
[2022-01-15 17:54:08,647] multiqc                                            [DEBUG  ]  File ignored by rseqc/read_distribution because it exceeded search pattern filesize limit: fastp_Ast28B_R2_PE_fastqc.html
[2022-01-15 17:54:08,648] multiqc                                            [DEBUG  ]  File ignored by rseqc/infer_experiment because it exceeded search pattern filesize limit: fastp_Ast28B_R2_PE_fastqc.html
[2022-01-15 17:54:08,896] multiqc                                            [DEBUG  ]  File ignored by ccs/v4 because it exceeded search pattern filesize limit: trimmomatic_Ast28B_R1_SE_fastqc.html
[2022-01-15 17:54:08,901] multiqc                                            [DEBUG  ]  File ignored by hicexplorer because it exceeded search pattern filesize limit: trimmomatic_Ast28B_R1_SE_fastqc.html
[2022-01-15 17:54:08,901] multiqc                                            [DEBUG  ]  File ignored by nanostat because it exceeded search pattern filesize limit: trimmomatic_Ast28B_R1_SE_fastqc.html
[2022-01-15 17:54:08,902] multiqc                                            [DEBUG  ]  File ignored by lima/summary because it exceeded search pattern filesize limit: trimmomatic_Ast28B_R1_SE_fastqc.html
[2022-01-15 17:54:08,911] multiqc                                            [DEBUG  ]  File ignored by vep/vep_txt because it exceeded search pattern filesize limit: trimmomatic_Ast28B_R1_SE_fastqc.html
[2022-01-15 17:54:08,912] multiqc                                            [DEBUG  ]  File ignored by longranger/invocation because it exceeded search pattern filesize limit: trimmomatic_Ast28B_R1_SE_fastqc.html
[2022-01-15 17:54:08,912] multiqc                                            [DEBUG  ]  File ignored by rockhopper because it exceeded search pattern filesize limit: trimmomatic_Ast28B_R1_SE_fastqc.html
[2022-01-15 17:54:08,912] multiqc                                            [DEBUG  ]  File ignored by rseqc/bam_stat because it exceeded search pattern filesize limit: trimmomatic_Ast28B_R1_SE_fastqc.html
[2022-01-15 17:54:08,912] multiqc                                            [DEBUG  ]  File ignored by rseqc/junction_annotation because it exceeded search pattern filesize limit: trimmomatic_Ast28B_R1_SE_fastqc.html
[2022-01-15 17:54:08,912] multiqc                                            [DEBUG  ]  File ignored by rseqc/read_distribution because it exceeded search pattern filesize limit: trimmomatic_Ast28B_R1_SE_fastqc.html
[2022-01-15 17:54:08,912] multiqc                                            [DEBUG  ]  File ignored by rseqc/infer_experiment because it exceeded search pattern filesize limit: trimmomatic_Ast28B_R1_SE_fastqc.html
[2022-01-15 17:54:09,162] multiqc                                            [DEBUG  ]  File ignored by ccs/v4 because it exceeded search pattern filesize limit: fastqc.zip
[2022-01-15 17:54:09,166] multiqc                                            [DEBUG  ]  File ignored by hicexplorer because it exceeded search pattern filesize limit: fastqc.zip
[2022-01-15 17:54:09,167] multiqc                                            [DEBUG  ]  File ignored by nanostat because it exceeded search pattern filesize limit: fastqc.zip
[2022-01-15 17:54:09,167] multiqc                                            [DEBUG  ]  File ignored by lima/summary because it exceeded search pattern filesize limit: fastqc.zip
[2022-01-15 17:54:09,174] multiqc                                            [DEBUG  ]  File ignored by vep/vep_html because it exceeded search pattern filesize limit: fastqc.zip
[2022-01-15 17:54:09,174] multiqc                                            [DEBUG  ]  File ignored by vep/vep_txt because it exceeded search pattern filesize limit: fastqc.zip
[2022-01-15 17:54:09,174] multiqc                                            [DEBUG  ]  File ignored by longranger/invocation because it exceeded search pattern filesize limit: fastqc.zip
[2022-01-15 17:54:09,174] multiqc                                            [DEBUG  ]  File ignored by rockhopper because it exceeded search pattern filesize limit: fastqc.zip
[2022-01-15 17:54:09,175] multiqc                                            [DEBUG  ]  File ignored by rseqc/bam_stat because it exceeded search pattern filesize limit: fastqc.zip
[2022-01-15 17:54:09,175] multiqc                                            [DEBUG  ]  File ignored by rseqc/junction_annotation because it exceeded search pattern filesize limit: fastqc.zip
[2022-01-15 17:54:09,175] multiqc                                            [DEBUG  ]  File ignored by rseqc/read_distribution because it exceeded search pattern filesize limit: fastqc.zip
[2022-01-15 17:54:09,175] multiqc                                            [DEBUG  ]  File ignored by rseqc/infer_experiment because it exceeded search pattern filesize limit: fastqc.zip
[2022-01-15 17:54:09,175] multiqc                                            [DEBUG  ]  File ignored by stacks/sumstats because it exceeded search pattern filesize limit: fastqc.zip
[2022-01-15 17:54:09,251] multiqc                                            [DEBUG  ]  File ignored by ccs/v4 because it exceeded search pattern filesize limit: fastp_Ast28B_R1_PE_fastqc.html
[2022-01-15 17:54:09,256] multiqc                                            [DEBUG  ]  File ignored by hicexplorer because it exceeded search pattern filesize limit: fastp_Ast28B_R1_PE_fastqc.html
[2022-01-15 17:54:09,256] multiqc                                            [DEBUG  ]  File ignored by nanostat because it exceeded search pattern filesize limit: fastp_Ast28B_R1_PE_fastqc.html
[2022-01-15 17:54:09,257] multiqc                                            [DEBUG  ]  File ignored by lima/summary because it exceeded search pattern filesize limit: fastp_Ast28B_R1_PE_fastqc.html
[2022-01-15 17:54:09,265] multiqc                                            [DEBUG  ]  File ignored by vep/vep_txt because it exceeded search pattern filesize limit: fastp_Ast28B_R1_PE_fastqc.html
[2022-01-15 17:54:09,265] multiqc                                            [DEBUG  ]  File ignored by longranger/invocation because it exceeded search pattern filesize limit: fastp_Ast28B_R1_PE_fastqc.html
[2022-01-15 17:54:09,266] multiqc                                            [DEBUG  ]  File ignored by rockhopper because it exceeded search pattern filesize limit: fastp_Ast28B_R1_PE_fastqc.html
[2022-01-15 17:54:09,266] multiqc                                            [DEBUG  ]  File ignored by rseqc/bam_stat because it exceeded search pattern filesize limit: fastp_Ast28B_R1_PE_fastqc.html
[2022-01-15 17:54:09,266] multiqc                                            [DEBUG  ]  File ignored by rseqc/junction_annotation because it exceeded search pattern filesize limit: fastp_Ast28B_R1_PE_fastqc.html
[2022-01-15 17:54:09,266] multiqc                                            [DEBUG  ]  File ignored by rseqc/read_distribution because it exceeded search pattern filesize limit: fastp_Ast28B_R1_PE_fastqc.html
[2022-01-15 17:54:09,266] multiqc                                            [DEBUG  ]  File ignored by rseqc/infer_experiment because it exceeded search pattern filesize limit: fastp_Ast28B_R1_PE_fastqc.html
[2022-01-15 17:54:09,511] multiqc                                            [DEBUG  ]  File ignored by ccs/v4 because it exceeded search pattern filesize limit: trimmomatic_Ast28B_R2_SE_fastqc.html
[2022-01-15 17:54:09,516] multiqc                                            [DEBUG  ]  File ignored by hicexplorer because it exceeded search pattern filesize limit: trimmomatic_Ast28B_R2_SE_fastqc.html
[2022-01-15 17:54:09,516] multiqc                                            [DEBUG  ]  File ignored by nanostat because it exceeded search pattern filesize limit: trimmomatic_Ast28B_R2_SE_fastqc.html
[2022-01-15 17:54:09,517] multiqc                                            [DEBUG  ]  File ignored by lima/summary because it exceeded search pattern filesize limit: trimmomatic_Ast28B_R2_SE_fastqc.html
[2022-01-15 17:54:09,525] multiqc                                            [DEBUG  ]  File ignored by vep/vep_txt because it exceeded search pattern filesize limit: trimmomatic_Ast28B_R2_SE_fastqc.html
[2022-01-15 17:54:09,525] multiqc                                            [DEBUG  ]  File ignored by longranger/invocation because it exceeded search pattern filesize limit: trimmomatic_Ast28B_R2_SE_fastqc.html
[2022-01-15 17:54:09,526] multiqc                                            [DEBUG  ]  File ignored by rockhopper because it exceeded search pattern filesize limit: trimmomatic_Ast28B_R2_SE_fastqc.html
[2022-01-15 17:54:09,526] multiqc                                            [DEBUG  ]  File ignored by rseqc/bam_stat because it exceeded search pattern filesize limit: trimmomatic_Ast28B_R2_SE_fastqc.html
[2022-01-15 17:54:09,526] multiqc                                            [DEBUG  ]  File ignored by rseqc/junction_annotation because it exceeded search pattern filesize limit: trimmomatic_Ast28B_R2_SE_fastqc.html
[2022-01-15 17:54:09,526] multiqc                                            [DEBUG  ]  File ignored by rseqc/read_distribution because it exceeded search pattern filesize limit: trimmomatic_Ast28B_R2_SE_fastqc.html
[2022-01-15 17:54:09,526] multiqc                                            [DEBUG  ]  File ignored by rseqc/infer_experiment because it exceeded search pattern filesize limit: trimmomatic_Ast28B_R2_SE_fastqc.html
[2022-01-15 17:54:09,712] multiqc                                            [DEBUG  ]  File ignored by ccs/v4 because it exceeded search pattern filesize limit: trimmomatic_Ast28B_R2_PE_fastqc.html
[2022-01-15 17:54:09,721] multiqc                                            [DEBUG  ]  File ignored by hicexplorer because it exceeded search pattern filesize limit: trimmomatic_Ast28B_R2_PE_fastqc.html
[2022-01-15 17:54:09,722] multiqc                                            [DEBUG  ]  File ignored by nanostat because it exceeded search pattern filesize limit: trimmomatic_Ast28B_R2_PE_fastqc.html
[2022-01-15 17:54:09,722] multiqc                                            [DEBUG  ]  File ignored by lima/summary because it exceeded search pattern filesize limit: trimmomatic_Ast28B_R2_PE_fastqc.html
[2022-01-15 17:54:09,729] multiqc                                            [DEBUG  ]  File ignored by vep/vep_txt because it exceeded search pattern filesize limit: trimmomatic_Ast28B_R2_PE_fastqc.html
[2022-01-15 17:54:09,729] multiqc                                            [DEBUG  ]  File ignored by longranger/invocation because it exceeded search pattern filesize limit: trimmomatic_Ast28B_R2_PE_fastqc.html
[2022-01-15 17:54:09,729] multiqc                                            [DEBUG  ]  File ignored by rockhopper because it exceeded search pattern filesize limit: trimmomatic_Ast28B_R2_PE_fastqc.html
[2022-01-15 17:54:09,729] multiqc                                            [DEBUG  ]  File ignored by rseqc/bam_stat because it exceeded search pattern filesize limit: trimmomatic_Ast28B_R2_PE_fastqc.html
[2022-01-15 17:54:09,730] multiqc                                            [DEBUG  ]  File ignored by rseqc/junction_annotation because it exceeded search pattern filesize limit: trimmomatic_Ast28B_R2_PE_fastqc.html
[2022-01-15 17:54:09,730] multiqc                                            [DEBUG  ]  File ignored by rseqc/read_distribution because it exceeded search pattern filesize limit: trimmomatic_Ast28B_R2_PE_fastqc.html
[2022-01-15 17:54:09,730] multiqc                                            [DEBUG  ]  File ignored by rseqc/infer_experiment because it exceeded search pattern filesize limit: trimmomatic_Ast28B_R2_PE_fastqc.html
[2022-01-15 17:54:09,899] multiqc                                            [DEBUG  ]  File ignored by ccs/v4 because it exceeded search pattern filesize limit: Ast28B_R2_001_fastqc.html
[2022-01-15 17:54:09,903] multiqc                                            [DEBUG  ]  File ignored by hicexplorer because it exceeded search pattern filesize limit: Ast28B_R2_001_fastqc.html
[2022-01-15 17:54:09,904] multiqc                                            [DEBUG  ]  File ignored by nanostat because it exceeded search pattern filesize limit: Ast28B_R2_001_fastqc.html
[2022-01-15 17:54:09,904] multiqc                                            [DEBUG  ]  File ignored by lima/summary because it exceeded search pattern filesize limit: Ast28B_R2_001_fastqc.html
[2022-01-15 17:54:09,913] multiqc                                            [DEBUG  ]  File ignored by vep/vep_txt because it exceeded search pattern filesize limit: Ast28B_R2_001_fastqc.html
[2022-01-15 17:54:09,913] multiqc                                            [DEBUG  ]  File ignored by longranger/invocation because it exceeded search pattern filesize limit: Ast28B_R2_001_fastqc.html
[2022-01-15 17:54:09,913] multiqc                                            [DEBUG  ]  File ignored by rockhopper because it exceeded search pattern filesize limit: Ast28B_R2_001_fastqc.html
[2022-01-15 17:54:09,913] multiqc                                            [DEBUG  ]  File ignored by rseqc/bam_stat because it exceeded search pattern filesize limit: Ast28B_R2_001_fastqc.html
[2022-01-15 17:54:09,913] multiqc                                            [DEBUG  ]  File ignored by rseqc/junction_annotation because it exceeded search pattern filesize limit: Ast28B_R2_001_fastqc.html
[2022-01-15 17:54:09,913] multiqc                                            [DEBUG  ]  File ignored by rseqc/read_distribution because it exceeded search pattern filesize limit: Ast28B_R2_001_fastqc.html
[2022-01-15 17:54:09,913] multiqc                                            [DEBUG  ]  File ignored by rseqc/infer_experiment because it exceeded search pattern filesize limit: Ast28B_R2_001_fastqc.html
[2022-01-15 17:54:10,104] multiqc                                            [DEBUG  ]  File ignored by ccs/v4 because it exceeded search pattern filesize limit: fastp_Ast28B_R1_SE_fastqc.html
[2022-01-15 17:54:10,109] multiqc                                            [DEBUG  ]  File ignored by hicexplorer because it exceeded search pattern filesize limit: fastp_Ast28B_R1_SE_fastqc.html
[2022-01-15 17:54:10,109] multiqc                                            [DEBUG  ]  File ignored by nanostat because it exceeded search pattern filesize limit: fastp_Ast28B_R1_SE_fastqc.html
[2022-01-15 17:54:10,109] multiqc                                            [DEBUG  ]  File ignored by lima/summary because it exceeded search pattern filesize limit: fastp_Ast28B_R1_SE_fastqc.html
[2022-01-15 17:54:10,117] multiqc                                            [DEBUG  ]  File ignored by vep/vep_txt because it exceeded search pattern filesize limit: fastp_Ast28B_R1_SE_fastqc.html
[2022-01-15 17:54:10,117] multiqc                                            [DEBUG  ]  File ignored by longranger/invocation because it exceeded search pattern filesize limit: fastp_Ast28B_R1_SE_fastqc.html
[2022-01-15 17:54:10,118] multiqc                                            [DEBUG  ]  File ignored by rockhopper because it exceeded search pattern filesize limit: fastp_Ast28B_R1_SE_fastqc.html
[2022-01-15 17:54:10,118] multiqc                                            [DEBUG  ]  File ignored by rseqc/bam_stat because it exceeded search pattern filesize limit: fastp_Ast28B_R1_SE_fastqc.html
[2022-01-15 17:54:10,118] multiqc                                            [DEBUG  ]  File ignored by rseqc/junction_annotation because it exceeded search pattern filesize limit: fastp_Ast28B_R1_SE_fastqc.html
[2022-01-15 17:54:10,118] multiqc                                            [DEBUG  ]  File ignored by rseqc/read_distribution because it exceeded search pattern filesize limit: fastp_Ast28B_R1_SE_fastqc.html
[2022-01-15 17:54:10,118] multiqc                                            [DEBUG  ]  File ignored by rseqc/infer_experiment because it exceeded search pattern filesize limit: fastp_Ast28B_R1_SE_fastqc.html
[2022-01-15 17:54:10,318] multiqc                                            [DEBUG  ]  File ignored by ccs/v4 because it exceeded search pattern filesize limit: Ast28B_R1_001_fastqc.html
[2022-01-15 17:54:10,322] multiqc                                            [DEBUG  ]  File ignored by hicexplorer because it exceeded search pattern filesize limit: Ast28B_R1_001_fastqc.html
[2022-01-15 17:54:10,323] multiqc                                            [DEBUG  ]  File ignored by nanostat because it exceeded search pattern filesize limit: Ast28B_R1_001_fastqc.html
[2022-01-15 17:54:10,323] multiqc                                            [DEBUG  ]  File ignored by lima/summary because it exceeded search pattern filesize limit: Ast28B_R1_001_fastqc.html
[2022-01-15 17:54:10,330] multiqc                                            [DEBUG  ]  File ignored by vep/vep_txt because it exceeded search pattern filesize limit: Ast28B_R1_001_fastqc.html
[2022-01-15 17:54:10,330] multiqc                                            [DEBUG  ]  File ignored by longranger/invocation because it exceeded search pattern filesize limit: Ast28B_R1_001_fastqc.html
[2022-01-15 17:54:10,330] multiqc                                            [DEBUG  ]  File ignored by rockhopper because it exceeded search pattern filesize limit: Ast28B_R1_001_fastqc.html
[2022-01-15 17:54:10,331] multiqc                                            [DEBUG  ]  File ignored by rseqc/bam_stat because it exceeded search pattern filesize limit: Ast28B_R1_001_fastqc.html
[2022-01-15 17:54:10,331] multiqc                                            [DEBUG  ]  File ignored by rseqc/junction_annotation because it exceeded search pattern filesize limit: Ast28B_R1_001_fastqc.html
[2022-01-15 17:54:10,331] multiqc                                            [DEBUG  ]  File ignored by rseqc/read_distribution because it exceeded search pattern filesize limit: Ast28B_R1_001_fastqc.html
[2022-01-15 17:54:10,331] multiqc                                            [DEBUG  ]  File ignored by rseqc/infer_experiment because it exceeded search pattern filesize limit: Ast28B_R1_001_fastqc.html
[2022-01-15 17:54:12,315] multiqc.plots.bargraph                             [DEBUG  ]  Using matplotlib version 3.5.1
[2022-01-15 17:54:12,316] multiqc.plots.linegraph                            [DEBUG  ]  Using matplotlib version 3.5.1
[2022-01-15 17:54:12,318] multiqc                                            [DEBUG  ]  No samples found: custom_content
[2022-01-15 17:54:12,326] multiqc                                            [DEBUG  ]  No samples found: ccs
[2022-01-15 17:54:12,332] multiqc                                            [DEBUG  ]  No samples found: ngsderive
[2022-01-15 17:54:12,338] multiqc                                            [DEBUG  ]  No samples found: purple
[2022-01-15 17:54:12,344] multiqc                                            [DEBUG  ]  No samples found: conpair
[2022-01-15 17:54:12,352] multiqc                                            [DEBUG  ]  No samples found: lima
[2022-01-15 17:54:12,358] multiqc                                            [DEBUG  ]  No samples found: peddy
[2022-01-15 17:54:12,367] multiqc                                            [DEBUG  ]  No samples found: somalier
[2022-01-15 17:54:12,374] multiqc                                            [DEBUG  ]  No samples found: methylQA
[2022-01-15 17:54:12,385] multiqc.modules.mosdepth.mosdepth                  [DEBUG  ]  include_contigs: []
[2022-01-15 17:54:12,395] multiqc.modules.mosdepth.mosdepth                  [DEBUG  ]  exclude_contigs: []
[2022-01-15 17:54:12,395] multiqc                                            [DEBUG  ]  No samples found: mosdepth
[2022-01-15 17:54:12,401] multiqc                                            [DEBUG  ]  No samples found: phantompeakqualtools
[2022-01-15 17:54:12,405] multiqc                                            [DEBUG  ]  No samples found: qualimap
[2022-01-15 17:54:12,411] multiqc                                            [DEBUG  ]  No samples found: preseq
[2022-01-15 17:54:12,416] multiqc                                            [DEBUG  ]  No samples found: quast
[2022-01-15 17:54:12,422] multiqc                                            [DEBUG  ]  No samples found: qorts
[2022-01-15 17:54:12,428] multiqc                                            [DEBUG  ]  No samples found: rna_seqc
[2022-01-15 17:54:12,434] multiqc                                            [DEBUG  ]  No samples found: rockhopper
[2022-01-15 17:54:12,440] multiqc                                            [DEBUG  ]  No samples found: rsem
[2022-01-15 17:54:12,457] multiqc                                            [DEBUG  ]  No samples found: rseqc
[2022-01-15 17:54:12,462] multiqc                                            [DEBUG  ]  No samples found: busco
[2022-01-15 17:54:12,469] multiqc                                            [DEBUG  ]  No samples found: bustools
[2022-01-15 17:54:12,474] multiqc                                            [DEBUG  ]  No samples found: goleft_indexcov
[2022-01-15 17:54:12,480] multiqc                                            [DEBUG  ]  No samples found: gffcompare
[2022-01-15 17:54:12,494] multiqc                                            [DEBUG  ]  No samples found: disambiguate
[2022-01-15 17:54:12,519] multiqc                                            [DEBUG  ]  No samples found: supernova
[2022-01-15 17:54:12,535] multiqc                                            [DEBUG  ]  No samples found: deeptools
[2022-01-15 17:54:12,541] multiqc                                            [DEBUG  ]  No samples found: sargasso
[2022-01-15 17:54:12,548] multiqc                                            [DEBUG  ]  No samples found: verifybamid
[2022-01-15 17:54:12,554] multiqc                                            [DEBUG  ]  No samples found: mirtrace
[2022-01-15 17:54:12,559] multiqc                                            [DEBUG  ]  No samples found: happy
[2022-01-15 17:54:12,565] multiqc                                            [DEBUG  ]  No samples found: mirtop
[2022-01-15 17:54:12,571] multiqc                                            [DEBUG  ]  No samples found: sambamba
[2022-01-15 17:54:12,578] multiqc                                            [DEBUG  ]  No samples found: homer
[2022-01-15 17:54:12,584] multiqc                                            [DEBUG  ]  No samples found: hops
[2022-01-15 17:54:12,590] multiqc                                            [DEBUG  ]  No samples found: macs2
[2022-01-15 17:54:12,595] multiqc                                            [DEBUG  ]  No samples found: theta2
[2022-01-15 17:54:12,602] multiqc                                            [DEBUG  ]  No samples found: snpeff
[2022-01-15 17:54:12,610] multiqc                                            [DEBUG  ]  No samples found: gatk
[2022-01-15 17:54:12,615] multiqc                                            [DEBUG  ]  No samples found: htseq
[2022-01-15 17:54:12,622] multiqc                                            [DEBUG  ]  No samples found: bcftools
[2022-01-15 17:54:12,628] multiqc                                            [DEBUG  ]  No samples found: featureCounts
[2022-01-15 17:54:12,635] multiqc                                            [DEBUG  ]  No samples found: fgbio
[2022-01-15 17:54:12,648] multiqc                                            [DEBUG  ]  No samples found: dragen
[2022-01-15 17:54:12,654] multiqc                                            [DEBUG  ]  No samples found: dedup
[2022-01-15 17:54:12,660] multiqc                                            [DEBUG  ]  No samples found: damageprofiler
[2022-01-15 17:54:12,685] multiqc                                            [DEBUG  ]  No samples found: biobambam2
[2022-01-15 17:54:12,700] multiqc                                            [DEBUG  ]  No samples found: jcvi
[2022-01-15 17:54:12,706] multiqc                                            [DEBUG  ]  No samples found: mtnucratio
[2022-01-15 17:54:12,709] multiqc                                            [DEBUG  ]  No samples found: picard
[2022-01-15 17:54:12,716] multiqc                                            [DEBUG  ]  No samples found: vep
[2022-01-15 17:54:12,724] multiqc                                            [DEBUG  ]  No samples found: sentieon
[2022-01-15 17:54:12,730] multiqc                                            [DEBUG  ]  No samples found: prokka
[2022-01-15 17:54:12,736] multiqc                                            [DEBUG  ]  No samples found: qc3C
[2022-01-15 17:54:12,742] multiqc                                            [DEBUG  ]  No samples found: nanostat
[2022-01-15 17:54:12,748] multiqc                                            [DEBUG  ]  No samples found: samblaster
[2022-01-15 17:54:12,756] multiqc                                            [DEBUG  ]  No samples found: samtools
[2022-01-15 17:54:12,762] multiqc                                            [DEBUG  ]  No samples found: sexdeterrmine
[2022-01-15 17:54:12,768] multiqc                                            [DEBUG  ]  No samples found: eigenstratdatabasetools
[2022-01-15 17:54:12,775] multiqc                                            [DEBUG  ]  No samples found: bamtools
[2022-01-15 17:54:12,780] multiqc                                            [DEBUG  ]  No samples found: jellyfish
[2022-01-15 17:54:12,789] multiqc                                            [DEBUG  ]  No samples found: vcftools
[2022-01-15 17:54:12,795] multiqc                                            [DEBUG  ]  No samples found: longranger
[2022-01-15 17:54:12,800] multiqc                                            [DEBUG  ]  No samples found: stacks
[2022-01-15 17:54:12,806] multiqc                                            [DEBUG  ]  No samples found: varscan2
[2022-01-15 17:54:12,812] multiqc                                            [DEBUG  ]  No samples found: snippy
[2022-01-15 17:54:12,825] multiqc                                            [DEBUG  ]  No samples found: bbmap
[2022-01-15 17:54:12,831] multiqc                                            [DEBUG  ]  No samples found: bismark
[2022-01-15 17:54:12,841] multiqc                                            [DEBUG  ]  No samples found: biscuit
[2022-01-15 17:54:12,849] multiqc                                            [DEBUG  ]  No samples found: hicexplorer
[2022-01-15 17:54:12,856] multiqc                                            [DEBUG  ]  No samples found: hicup
[2022-01-15 17:54:12,862] multiqc                                            [DEBUG  ]  No samples found: hicpro
[2022-01-15 17:54:12,869] multiqc                                            [DEBUG  ]  No samples found: salmon
[2022-01-15 17:54:12,875] multiqc                                            [DEBUG  ]  No samples found: kallisto
[2022-01-15 17:54:12,881] multiqc                                            [DEBUG  ]  No samples found: slamdunk
[2022-01-15 17:54:12,887] multiqc                                            [DEBUG  ]  No samples found: star
[2022-01-15 17:54:12,893] multiqc                                            [DEBUG  ]  No samples found: hisat2
[2022-01-15 17:54:12,899] multiqc                                            [DEBUG  ]  No samples found: tophat
[2022-01-15 17:54:12,905] multiqc                                            [DEBUG  ]  No samples found: bowtie2
[2022-01-15 17:54:12,911] multiqc                                            [DEBUG  ]  No samples found: bowtie1
[2022-01-15 17:54:12,917] multiqc                                            [DEBUG  ]  No samples found: snpsplit
[2022-01-15 17:54:12,923] multiqc                                            [DEBUG  ]  No samples found: odgi
[2022-01-15 17:54:12,930] multiqc                                            [DEBUG  ]  No samples found: pangolin
[2022-01-15 17:54:12,936] multiqc                                            [DEBUG  ]  No samples found: kat
[2022-01-15 17:54:12,942] multiqc                                            [DEBUG  ]  No samples found: leehom
[2022-01-15 17:54:12,948] multiqc                                            [DEBUG  ]  No samples found: adapterRemoval
[2022-01-15 17:54:12,954] multiqc                                            [DEBUG  ]  No samples found: clipandmerge
[2022-01-15 17:54:12,962] multiqc                                            [DEBUG  ]  No samples found: cutadapt
[2022-01-15 17:54:12,971] multiqc                                            [DEBUG  ]  No samples found: flexbar
[2022-01-15 17:54:12,979] multiqc                                            [DEBUG  ]  No samples found: kaiju
[2022-01-15 17:54:12,985] multiqc                                            [DEBUG  ]  No samples found: kraken
[2022-01-15 17:54:12,991] multiqc                                            [DEBUG  ]  No samples found: malt
[2022-01-15 17:54:12,997] multiqc                                            [DEBUG  ]  No samples found: trimmomatic
[2022-01-15 17:54:13,003] multiqc                                            [DEBUG  ]  No samples found: sickle
[2022-01-15 17:54:13,009] multiqc                                            [DEBUG  ]  No samples found: skewer
[2022-01-15 17:54:13,015] multiqc                                            [DEBUG  ]  No samples found: sortmerna
[2022-01-15 17:54:13,021] multiqc                                            [DEBUG  ]  No samples found: biobloomtools
[2022-01-15 17:54:13,027] multiqc                                            [DEBUG  ]  No samples found: fastq_screen
[2022-01-15 17:54:13,034] multiqc                                            [DEBUG  ]  No samples found: afterqc
[2022-01-15 17:54:13,040] multiqc                                            [DEBUG  ]  No samples found: fastp
[2022-01-15 17:54:15,292] multiqc.modules.fastqc.fastqc                      [INFO   ]  Found 10 reports
[2022-01-15 17:54:15,549] multiqc                                            [DEBUG  ]  No samples found: pychopper
[2022-01-15 17:54:15,555] multiqc                                            [DEBUG  ]  No samples found: pycoqc
[2022-01-15 17:54:15,561] multiqc                                            [DEBUG  ]  No samples found: minionqc
[2022-01-15 17:54:15,567] multiqc                                            [DEBUG  ]  No samples found: multivcfanalyzer
[2022-01-15 17:54:15,573] multiqc                                            [DEBUG  ]  No samples found: clusterflow
[2022-01-15 17:54:15,579] multiqc                                            [DEBUG  ]  No samples found: bcl2fastq
[2022-01-15 17:54:15,585] multiqc                                            [DEBUG  ]  No samples found: bclconvert
[2022-01-15 17:54:15,591] multiqc                                            [DEBUG  ]  No samples found: interop
[2022-01-15 17:54:15,596] multiqc                                            [DEBUG  ]  No samples found: ivar
[2022-01-15 17:54:15,603] multiqc                                            [DEBUG  ]  No samples found: flash
[2022-01-15 17:54:15,608] multiqc                                            [DEBUG  ]  No samples found: seqyclean
[2022-01-15 17:54:15,615] multiqc                                            [DEBUG  ]  No samples found: optitype
[2022-01-15 17:54:15,636] multiqc                                            [INFO   ]  Compressing plot data
[2022-01-15 17:54:15,824] multiqc                                            [INFO   ]  Report      : multiqc_report.html
[2022-01-15 17:54:15,824] multiqc                                            [INFO   ]  Data        : multiqc_data
[2022-01-15 17:54:15,824] multiqc                                            [DEBUG  ]  Moving data file from '/tmp/tmp3js71_8g/multiqc_data' to '/home/mhussien/loretta_decontamination/astrangia_paper/runs/fastqc/multiqc_data'
[2022-01-15 17:54:16,021] multiqc                                            [INFO   ]  MultiQC complete
